<?xml version="1.0" encoding="UTF-8"?>
<!-- Generated by org.testng.reporters.JUnitReportReporter -->
<testsuite hostname="Himanshu-Workspace" failures="0" tests="4" name="com.parabank.testcases.ParaBankRegisterUserFlow" time="8.066" errors="0" timestamp="2023-08-27T17:33:28 IST" skipped="0">
  <testcase classname="com.parabank.testcases.ParaBankRegisterUserFlow" name="validatingRegistrationPageNavigation" time="2.952"/>
  <system-out>
    <![CDATA[Successfully Navigated to Sign Up Page]]>
  </system-out>
  <testcase classname="com.parabank.testcases.ParaBankRegisterUserFlow" name="registerUser" time="3.071"/>
  <system-out>
    <![CDATA[First Name entered is : Himanshu
Last Name entered is : Pathak
Address entered is : 17/238 Z-16
City entered is : Gr. Noida
State entered is : Uttar Pradesh
Zip Code entered is : 201310
phone Number entered is : 9897032120
SSN Number entered is : 296013
Username entered is : Himanshu_@270998
Password entered is : QWERTY
Confirmation password entered is : QWERTY
Submit Button is clicked successfully]]>
  </system-out>
  <testcase classname="com.parabank.testcases.ParaBankRegisterUserFlow" name="validatingSuccessfullRegisterMsg" time="0.111"/>
  <system-out>
    <![CDATA[Actual and Expected Successful Message Text are same
The Successful Message Text is: Your account was created successfully]]>
  </system-out>
  <testcase classname="com.parabank.testcases.ParaBankRegisterUserFlow" name="validatingLogOut" time="1.932"/>
  <system-out>
    <![CDATA[User Successfully Logged Out of ParaBank Application]]>
  </system-out>
</testsuite> <!-- com.parabank.testcases.ParaBankRegisterUserFlow -->
