<?xml version="1.0" encoding="UTF-8"?>
<!-- Generated by org.testng.reporters.JUnitReportReporter -->
<testsuite hostname="Himanshu-Workspace" failures="0" tests="4" name="com.parabank.testcases.RegisterUser" time="4.261" errors="0" timestamp="2023-06-23T07:53:44 IST" skipped="0">
  <testcase classname="com.parabank.testcases.RegisterUser" name="validatingRegisterCustomerPageNavigation" time="0.865"/>
  <system-out>
    <![CDATA[Successfully Navigated to Sign Up Page]]>
  </system-out>
  <testcase classname="com.parabank.testcases.RegisterUser" name="registerUser" time="1.574"/>
  <system-out>
    <![CDATA[First Name is entered
Last Name is entered
Address is entered
City is entered
State is entered
Zip Code is entered
phone Number is entered
SSN Number is entered
Username is entered
Password is entered
Confirmation password is entered
Submit Button is clicked successfully]]>
  </system-out>
  <testcase classname="com.parabank.testcases.RegisterUser" name="ValidatingSuccessfullRegisterMsg" time="0.125"/>
  <system-out>
    <![CDATA[Actual and Expected Successful Message Text are same
The Successful Message Text is: Your account was created successfully. You are now logged in.]]>
  </system-out>
  <testcase classname="com.parabank.testcases.RegisterUser" name="ValidatingLogOut" time="1.697"/>
  <system-out>
    <![CDATA[Successfully Logged Out]]>
  </system-out>
</testsuite> <!-- com.parabank.testcases.RegisterUser -->
