<?xml version="1.0" encoding="UTF-8"?>
<!-- Generated by org.testng.reporters.JUnitReportReporter -->
<testsuite hostname="Himanshu-Workspace" failures="0" tests="1" name="com.parabank.testcases.NavigateToRegisterCustomer" time="0.561" errors="0" timestamp="2023-06-23T06:35:20 IST" skipped="0">
  <testcase classname="com.parabank.testcases.NavigateToRegisterCustomer" name="validatingRegisterCustomerPageNavigation" time="0.561"/>
  <system-out>
    <![CDATA[Successfully Navigated to Sign Up Page]]>
  </system-out>
</testsuite> <!-- com.parabank.testcases.NavigateToRegisterCustomer -->
